[2018-08-09 15:11:27] INFO  org.springframework.boot.StartupInfoLogger 50 logStarting - Starting QimiaochongApplication on DESKTOP-MH63TO3 with PID 14772 (E:\IdeaProjects\qimiaochong\target\classes started by NightWish in E:\IdeaProjects\qimiaochong)
[2018-08-09 15:11:27] INFO  org.springframework.boot.SpringApplication 659 logStartupProfileInfo - No active profile set, falling back to default profiles: default
[2018-08-09 15:11:27] INFO  org.springframework.context.support.AbstractApplicationContext 590 prepareRefresh - Refreshing org.springframework.boot.web.servlet.context.AnnotationConfigServletWebServerApplicationContext@5f1524a6: startup date [Thu Aug 09 15:11:27 CST 2018]; root of context hierarchy
[2018-08-09 15:11:28] INFO  org.springframework.data.repository.config.RepositoryConfigurationDelegate 163 multipleStoresDetected - Multiple Spring Data modules found, entering strict repository configuration mode!
[2018-08-09 15:11:29] INFO  org.springframework.context.support.PostProcessorRegistrationDelegate$BeanPostProcessorChecker 328 postProcessAfterInitialization - Bean 'org.springframework.transaction.annotation.ProxyTransactionManagementConfiguration' of type [org.springframework.transaction.annotation.ProxyTransactionManagementConfiguration$$EnhancerBySpringCGLIB$$4e648a25] is not eligible for getting processed by all BeanPostProcessors (for example: not eligible for auto-proxying)
[2018-08-09 15:11:29] INFO  org.springframework.boot.web.embedded.tomcat.TomcatWebServer 91 initialize - Tomcat initialized with port(s): 8080 (http)
[2018-08-09 15:11:29] INFO  org.apache.juli.logging.DirectJDKLog 180 log - Starting service [Tomcat]
[2018-08-09 15:11:29] INFO  org.apache.juli.logging.DirectJDKLog 180 log - Starting Servlet Engine: Apache Tomcat/8.5.31
[2018-08-09 15:11:29] INFO  org.apache.juli.logging.DirectJDKLog 180 log - The APR based Apache Tomcat Native library which allows optimal performance in production environments was not found on the java.library.path: [E:\Java\jdk1.8.0_111\bin;C:\WINDOWS\Sun\Java\bin;C:\WINDOWS\system32;C:\WINDOWS;C:\ProgramData\Oracle\Java\javapath;C:\Program Files (x86)\Intel\iCLS Client\;C:\Program Files\Intel\iCLS Client\;C:\WINDOWS\system32;C:\WINDOWS;C:\WINDOWS\System32\Wbem;C:\WINDOWS\System32\WindowsPowerShell\v1.0\;C:\Program Files (x86)\Intel\Intel(R) Management Engine Components\DAL;C:\Program Files\Intel\Intel(R) Management Engine Components\DAL;C:\Program Files (x86)\Intel\Intel(R) Management Engine Components\IPT;C:\Program Files\Intel\Intel(R) Management Engine Components\IPT;E:\Java\jdk1.8.0_111\bin;E:\Git\cmd;E:\apache-maven-3.5.0\bin;C:\WINDOWS\System32\OpenSSH\;C:\Program Files\Elk\elasticsearch-5.1.2\bin;C:\Ruby200-x64\bin;E:\Ruby200-x64\bin;C:\Users\78794\AppData\Local\Microsoft\WindowsApps;;.]
[2018-08-09 15:11:29] INFO  org.apache.juli.logging.DirectJDKLog 180 log - Initializing Spring embedded WebApplicationContext
[2018-08-09 15:11:29] INFO  org.springframework.boot.web.servlet.context.ServletWebServerApplicationContext 285 prepareWebApplicationContext - Root WebApplicationContext: initialization completed in 2431 ms
[2018-08-09 15:11:30] INFO  org.springframework.boot.web.servlet.ServletRegistrationBean 186 addRegistration - Servlet dispatcherServlet mapped to [/]
[2018-08-09 15:11:30] INFO  org.springframework.boot.web.servlet.ServletRegistrationBean 186 addRegistration - Servlet statViewServlet mapped to [/druid/*]
[2018-08-09 15:11:30] INFO  org.springframework.boot.web.servlet.AbstractFilterRegistrationBean 245 configure - Mapping filter: 'characterEncodingFilter' to: [/*]
[2018-08-09 15:11:30] INFO  org.springframework.boot.web.servlet.AbstractFilterRegistrationBean 245 configure - Mapping filter: 'hiddenHttpMethodFilter' to: [/*]
[2018-08-09 15:11:30] INFO  org.springframework.boot.web.servlet.AbstractFilterRegistrationBean 245 configure - Mapping filter: 'httpPutFormContentFilter' to: [/*]
[2018-08-09 15:11:30] INFO  org.springframework.boot.web.servlet.AbstractFilterRegistrationBean 245 configure - Mapping filter: 'requestContextFilter' to: [/*]
[2018-08-09 15:11:30] INFO  org.springframework.boot.web.servlet.AbstractFilterRegistrationBean 258 configure - Mapping filter: 'webStatFilter' to urls: [/*]
[2018-08-09 15:11:30] INFO  org.springframework.web.servlet.handler.AbstractUrlHandlerMapping 373 registerHandler - Mapped URL path [/**/favicon.ico] onto handler of type [class org.springframework.web.servlet.resource.ResourceHttpRequestHandler]
[2018-08-09 15:11:30] INFO  org.springframework.web.servlet.mvc.method.annotation.RequestMappingHandlerAdapter 574 initControllerAdviceCache - Looking for @ControllerAdvice: org.springframework.boot.web.servlet.context.AnnotationConfigServletWebServerApplicationContext@5f1524a6: startup date [Thu Aug 09 15:11:27 CST 2018]; root of context hierarchy
[2018-08-09 15:11:30] INFO  org.springframework.web.servlet.handler.AbstractHandlerMethodMapping$MappingRegistry 547 register - Mapped "{[/admin],methods=[GET]}" onto public java.lang.String com.qimiaochong.contorller.admin.AdminController.index()
[2018-08-09 15:11:30] INFO  org.springframework.web.servlet.handler.AbstractHandlerMethodMapping$MappingRegistry 547 register - Mapped "{[/],methods=[GET]}" onto public java.lang.String com.qimiaochong.contorller.MainController.index()
[2018-08-09 15:11:30] INFO  org.springframework.web.servlet.handler.AbstractHandlerMethodMapping$MappingRegistry 547 register - Mapped "{[/login],methods=[GET]}" onto public java.lang.String com.qimiaochong.contorller.MainController.login()
[2018-08-09 15:11:30] INFO  org.springframework.web.servlet.handler.AbstractHandlerMethodMapping$MappingRegistry 547 register - Mapped "{[/sign_in],methods=[GET]}" onto public java.lang.String com.qimiaochong.contorller.MainController.signIn()
[2018-08-09 15:11:30] INFO  org.springframework.web.servlet.handler.AbstractHandlerMethodMapping$MappingRegistry 547 register - Mapped "{[/error]}" onto public org.springframework.http.ResponseEntity<java.util.Map<java.lang.String, java.lang.Object>> org.springframework.boot.autoconfigure.web.servlet.error.BasicErrorController.error(javax.servlet.http.HttpServletRequest)
[2018-08-09 15:11:30] INFO  org.springframework.web.servlet.handler.AbstractHandlerMethodMapping$MappingRegistry 547 register - Mapped "{[/error],produces=[text/html]}" onto public org.springframework.web.servlet.ModelAndView org.springframework.boot.autoconfigure.web.servlet.error.BasicErrorController.errorHtml(javax.servlet.http.HttpServletRequest,javax.servlet.http.HttpServletResponse)
[2018-08-09 15:11:31] INFO  org.springframework.web.servlet.handler.AbstractUrlHandlerMapping 373 registerHandler - Mapped URL path [/webjars/**] onto handler of type [class org.springframework.web.servlet.resource.ResourceHttpRequestHandler]
[2018-08-09 15:11:31] INFO  org.springframework.web.servlet.handler.AbstractUrlHandlerMapping 373 registerHandler - Mapped URL path [/**] onto handler of type [class org.springframework.web.servlet.resource.ResourceHttpRequestHandler]
[2018-08-09 15:11:31] INFO  com.alibaba.druid.spring.boot.autoconfigure.DruidDataSourceAutoConfigure 56 dataSource - Init DruidDataSource
[2018-08-09 15:11:32] INFO  com.alibaba.druid.pool.DruidDataSource 930 init - {dataSource-1} inited
[2018-08-09 15:11:32] INFO  org.springframework.boot.devtools.autoconfigure.OptionalLiveReloadServer 57 startServer - LiveReload server is running on port 35729
[2018-08-09 15:11:32] INFO  org.springframework.jmx.export.MBeanExporter 433 afterSingletonsInstantiated - Registering beans for JMX exposure on startup
[2018-08-09 15:11:32] INFO  org.springframework.jmx.export.MBeanExporter 895 autodetect - Bean with name 'statFilter' has been autodetected for JMX exposure
[2018-08-09 15:11:32] INFO  org.springframework.jmx.export.MBeanExporter 895 autodetect - Bean with name 'slf4jLogFilter' has been autodetected for JMX exposure
[2018-08-09 15:11:32] INFO  org.springframework.jmx.export.MBeanExporter 895 autodetect - Bean with name 'dataSource' has been autodetected for JMX exposure
[2018-08-09 15:11:32] INFO  org.springframework.jmx.export.MBeanExporter 668 registerBeanInstance - Located MBean 'slf4jLogFilter': registering with JMX server as MBean [com.alibaba.druid.filter.logging:name=slf4jLogFilter,type=Slf4jLogFilter]
[2018-08-09 15:11:32] INFO  org.springframework.jmx.export.MBeanExporter 668 registerBeanInstance - Located MBean 'dataSource': registering with JMX server as MBean [com.alibaba.druid.spring.boot.autoconfigure:name=dataSource,type=DruidDataSourceWrapper]
[2018-08-09 15:11:32] INFO  org.springframework.jmx.export.MBeanExporter 668 registerBeanInstance - Located MBean 'statFilter': registering with JMX server as MBean [com.alibaba.druid.filter.stat:name=statFilter,type=StatFilter]
[2018-08-09 15:11:32] INFO  org.springframework.boot.web.embedded.tomcat.TomcatWebServer 206 start - Tomcat started on port(s): 8080 (http) with context path ''
[2018-08-09 15:11:32] INFO  org.springframework.boot.StartupInfoLogger 59 logStarted - Started QimiaochongApplication in 5.855 seconds (JVM running for 8.146)
[2018-08-09 15:33:53] INFO  org.springframework.boot.StartupInfoLogger 50 logStarting - Starting QimiaochongApplication on DESKTOP-MH63TO3 with PID 16332 (E:\IdeaProjects\qimiaochong\target\classes started by NightWish in E:\IdeaProjects\qimiaochong)
[2018-08-09 15:33:53] INFO  org.springframework.boot.SpringApplication 659 logStartupProfileInfo - No active profile set, falling back to default profiles: default
[2018-08-09 15:33:53] INFO  org.springframework.context.support.AbstractApplicationContext 590 prepareRefresh - Refreshing org.springframework.boot.web.servlet.context.AnnotationConfigServletWebServerApplicationContext@430702a5: startup date [Thu Aug 09 15:33:53 CST 2018]; root of context hierarchy
[2018-08-09 15:33:54] INFO  org.springframework.data.repository.config.RepositoryConfigurationDelegate 163 multipleStoresDetected - Multiple Spring Data modules found, entering strict repository configuration mode!
[2018-08-09 15:33:54] INFO  org.springframework.context.support.PostProcessorRegistrationDelegate$BeanPostProcessorChecker 328 postProcessAfterInitialization - Bean 'org.springframework.transaction.annotation.ProxyTransactionManagementConfiguration' of type [org.springframework.transaction.annotation.ProxyTransactionManagementConfiguration$$EnhancerBySpringCGLIB$$c20bc94c] is not eligible for getting processed by all BeanPostProcessors (for example: not eligible for auto-proxying)
[2018-08-09 15:33:55] INFO  org.springframework.boot.web.embedded.tomcat.TomcatWebServer 91 initialize - Tomcat initialized with port(s): 8080 (http)
[2018-08-09 15:33:55] INFO  org.apache.juli.logging.DirectJDKLog 180 log - Starting service [Tomcat]
[2018-08-09 15:33:55] INFO  org.apache.juli.logging.DirectJDKLog 180 log - Starting Servlet Engine: Apache Tomcat/8.5.31
[2018-08-09 15:33:55] INFO  org.apache.juli.logging.DirectJDKLog 180 log - The APR based Apache Tomcat Native library which allows optimal performance in production environments was not found on the java.library.path: [E:\Java\jdk1.8.0_111\bin;C:\WINDOWS\Sun\Java\bin;C:\WINDOWS\system32;C:\WINDOWS;C:\ProgramData\Oracle\Java\javapath;C:\Program Files (x86)\Intel\iCLS Client\;C:\Program Files\Intel\iCLS Client\;C:\WINDOWS\system32;C:\WINDOWS;C:\WINDOWS\System32\Wbem;C:\WINDOWS\System32\WindowsPowerShell\v1.0\;C:\Program Files (x86)\Intel\Intel(R) Management Engine Components\DAL;C:\Program Files\Intel\Intel(R) Management Engine Components\DAL;C:\Program Files (x86)\Intel\Intel(R) Management Engine Components\IPT;C:\Program Files\Intel\Intel(R) Management Engine Components\IPT;E:\Java\jdk1.8.0_111\bin;E:\Git\cmd;E:\apache-maven-3.5.0\bin;C:\WINDOWS\System32\OpenSSH\;C:\Program Files\Elk\elasticsearch-5.1.2\bin;C:\Ruby200-x64\bin;E:\Ruby200-x64\bin;C:\Users\78794\AppData\Local\Microsoft\WindowsApps;;.]
[2018-08-09 15:33:55] INFO  org.apache.juli.logging.DirectJDKLog 180 log - Initializing Spring embedded WebApplicationContext
[2018-08-09 15:33:55] INFO  org.springframework.boot.web.servlet.context.ServletWebServerApplicationContext 285 prepareWebApplicationContext - Root WebApplicationContext: initialization completed in 2182 ms
[2018-08-09 15:33:55] INFO  org.springframework.boot.web.servlet.ServletRegistrationBean 186 addRegistration - Servlet dispatcherServlet mapped to [/]
[2018-08-09 15:33:55] INFO  org.springframework.boot.web.servlet.ServletRegistrationBean 186 addRegistration - Servlet statViewServlet mapped to [/druid/*]
[2018-08-09 15:33:55] INFO  org.springframework.boot.web.servlet.AbstractFilterRegistrationBean 245 configure - Mapping filter: 'characterEncodingFilter' to: [/*]
[2018-08-09 15:33:55] INFO  org.springframework.boot.web.servlet.AbstractFilterRegistrationBean 245 configure - Mapping filter: 'hiddenHttpMethodFilter' to: [/*]
[2018-08-09 15:33:55] INFO  org.springframework.boot.web.servlet.AbstractFilterRegistrationBean 245 configure - Mapping filter: 'httpPutFormContentFilter' to: [/*]
[2018-08-09 15:33:55] INFO  org.springframework.boot.web.servlet.AbstractFilterRegistrationBean 245 configure - Mapping filter: 'requestContextFilter' to: [/*]
[2018-08-09 15:33:55] INFO  org.springframework.boot.web.servlet.AbstractFilterRegistrationBean 258 configure - Mapping filter: 'webStatFilter' to urls: [/*]
[2018-08-09 15:33:55] INFO  org.springframework.web.servlet.handler.AbstractUrlHandlerMapping 373 registerHandler - Mapped URL path [/**/favicon.ico] onto handler of type [class org.springframework.web.servlet.resource.ResourceHttpRequestHandler]
[2018-08-09 15:33:55] INFO  org.springframework.web.servlet.mvc.method.annotation.RequestMappingHandlerAdapter 574 initControllerAdviceCache - Looking for @ControllerAdvice: org.springframework.boot.web.servlet.context.AnnotationConfigServletWebServerApplicationContext@430702a5: startup date [Thu Aug 09 15:33:53 CST 2018]; root of context hierarchy
[2018-08-09 15:33:56] INFO  org.springframework.web.servlet.handler.AbstractHandlerMethodMapping$MappingRegistry 547 register - Mapped "{[/admin],methods=[GET]}" onto public java.lang.String com.qimiaochong.contorller.admin.AdminController.index()
[2018-08-09 15:33:56] INFO  org.springframework.web.servlet.handler.AbstractHandlerMethodMapping$MappingRegistry 547 register - Mapped "{[/],methods=[GET]}" onto public java.lang.String com.qimiaochong.contorller.MainController.index()
[2018-08-09 15:33:56] INFO  org.springframework.web.servlet.handler.AbstractHandlerMethodMapping$MappingRegistry 547 register - Mapped "{[/login],methods=[GET]}" onto public java.lang.String com.qimiaochong.contorller.MainController.login()
[2018-08-09 15:33:56] INFO  org.springframework.web.servlet.handler.AbstractHandlerMethodMapping$MappingRegistry 547 register - Mapped "{[/sign_in],methods=[GET]}" onto public java.lang.String com.qimiaochong.contorller.MainController.signIn()
[2018-08-09 15:33:56] INFO  org.springframework.web.servlet.handler.AbstractHandlerMethodMapping$MappingRegistry 547 register - Mapped "{[/error]}" onto public org.springframework.http.ResponseEntity<java.util.Map<java.lang.String, java.lang.Object>> org.springframework.boot.autoconfigure.web.servlet.error.BasicErrorController.error(javax.servlet.http.HttpServletRequest)
[2018-08-09 15:33:56] INFO  org.springframework.web.servlet.handler.AbstractHandlerMethodMapping$MappingRegistry 547 register - Mapped "{[/error],produces=[text/html]}" onto public org.springframework.web.servlet.ModelAndView org.springframework.boot.autoconfigure.web.servlet.error.BasicErrorController.errorHtml(javax.servlet.http.HttpServletRequest,javax.servlet.http.HttpServletResponse)
[2018-08-09 15:33:56] INFO  org.springframework.web.servlet.handler.AbstractUrlHandlerMapping 373 registerHandler - Mapped URL path [/webjars/**] onto handler of type [class org.springframework.web.servlet.resource.ResourceHttpRequestHandler]
[2018-08-09 15:33:56] INFO  org.springframework.web.servlet.handler.AbstractUrlHandlerMapping 373 registerHandler - Mapped URL path [/**] onto handler of type [class org.springframework.web.servlet.resource.ResourceHttpRequestHandler]
[2018-08-09 15:33:56] INFO  com.alibaba.druid.spring.boot.autoconfigure.DruidDataSourceAutoConfigure 56 dataSource - Init DruidDataSource
[2018-08-09 15:33:57] INFO  com.alibaba.druid.pool.DruidDataSource 930 init - {dataSource-1} inited
[2018-08-09 15:33:57] INFO  org.springframework.boot.devtools.autoconfigure.OptionalLiveReloadServer 57 startServer - LiveReload server is running on port 35729
[2018-08-09 15:33:57] INFO  org.springframework.jmx.export.MBeanExporter 433 afterSingletonsInstantiated - Registering beans for JMX exposure on startup
[2018-08-09 15:33:57] INFO  org.springframework.jmx.export.MBeanExporter 895 autodetect - Bean with name 'statFilter' has been autodetected for JMX exposure
[2018-08-09 15:33:57] INFO  org.springframework.jmx.export.MBeanExporter 895 autodetect - Bean with name 'slf4jLogFilter' has been autodetected for JMX exposure
[2018-08-09 15:33:57] INFO  org.springframework.jmx.export.MBeanExporter 895 autodetect - Bean with name 'dataSource' has been autodetected for JMX exposure
[2018-08-09 15:33:57] INFO  org.springframework.jmx.export.MBeanExporter 668 registerBeanInstance - Located MBean 'slf4jLogFilter': registering with JMX server as MBean [com.alibaba.druid.filter.logging:name=slf4jLogFilter,type=Slf4jLogFilter]
[2018-08-09 15:33:57] INFO  org.springframework.jmx.export.MBeanExporter 668 registerBeanInstance - Located MBean 'dataSource': registering with JMX server as MBean [com.alibaba.druid.spring.boot.autoconfigure:name=dataSource,type=DruidDataSourceWrapper]
[2018-08-09 15:33:57] INFO  org.springframework.jmx.export.MBeanExporter 668 registerBeanInstance - Located MBean 'statFilter': registering with JMX server as MBean [com.alibaba.druid.filter.stat:name=statFilter,type=StatFilter]
[2018-08-09 15:33:57] INFO  org.springframework.boot.web.embedded.tomcat.TomcatWebServer 206 start - Tomcat started on port(s): 8080 (http) with context path ''
[2018-08-09 15:33:57] INFO  org.springframework.boot.StartupInfoLogger 59 logStarted - Started QimiaochongApplication in 5.206 seconds (JVM running for 7.403)
[2018-08-09 15:47:30] INFO  org.springframework.boot.StartupInfoLogger 50 logStarting - Starting QimiaochongApplication on DESKTOP-MH63TO3 with PID 3332 (E:\IdeaProjects\qimiaochong\target\classes started by NightWish in E:\IdeaProjects\qimiaochong)
[2018-08-09 15:47:30] INFO  org.springframework.boot.SpringApplication 659 logStartupProfileInfo - No active profile set, falling back to default profiles: default
[2018-08-09 15:47:30] INFO  org.springframework.context.support.AbstractApplicationContext 590 prepareRefresh - Refreshing org.springframework.boot.web.servlet.context.AnnotationConfigServletWebServerApplicationContext@51aa396f: startup date [Thu Aug 09 15:47:30 CST 2018]; root of context hierarchy
[2018-08-09 15:47:31] INFO  org.springframework.data.repository.config.RepositoryConfigurationDelegate 163 multipleStoresDetected - Multiple Spring Data modules found, entering strict repository configuration mode!
[2018-08-09 15:47:32] INFO  org.springframework.context.support.PostProcessorRegistrationDelegate$BeanPostProcessorChecker 328 postProcessAfterInitialization - Bean 'org.springframework.transaction.annotation.ProxyTransactionManagementConfiguration' of type [org.springframework.transaction.annotation.ProxyTransactionManagementConfiguration$$EnhancerBySpringCGLIB$$bea4b4e2] is not eligible for getting processed by all BeanPostProcessors (for example: not eligible for auto-proxying)
[2018-08-09 15:47:32] INFO  org.springframework.boot.web.embedded.tomcat.TomcatWebServer 91 initialize - Tomcat initialized with port(s): 8080 (http)
[2018-08-09 15:47:32] INFO  org.apache.juli.logging.DirectJDKLog 180 log - Starting service [Tomcat]
[2018-08-09 15:47:32] INFO  org.apache.juli.logging.DirectJDKLog 180 log - Starting Servlet Engine: Apache Tomcat/8.5.31
[2018-08-09 15:47:32] INFO  org.apache.juli.logging.DirectJDKLog 180 log - The APR based Apache Tomcat Native library which allows optimal performance in production environments was not found on the java.library.path: [E:\Java\jdk1.8.0_111\bin;C:\WINDOWS\Sun\Java\bin;C:\WINDOWS\system32;C:\WINDOWS;C:\ProgramData\Oracle\Java\javapath;C:\Program Files (x86)\Intel\iCLS Client\;C:\Program Files\Intel\iCLS Client\;C:\WINDOWS\system32;C:\WINDOWS;C:\WINDOWS\System32\Wbem;C:\WINDOWS\System32\WindowsPowerShell\v1.0\;C:\Program Files (x86)\Intel\Intel(R) Management Engine Components\DAL;C:\Program Files\Intel\Intel(R) Management Engine Components\DAL;C:\Program Files (x86)\Intel\Intel(R) Management Engine Components\IPT;C:\Program Files\Intel\Intel(R) Management Engine Components\IPT;E:\Java\jdk1.8.0_111\bin;E:\Git\cmd;E:\apache-maven-3.5.0\bin;C:\WINDOWS\System32\OpenSSH\;C:\Program Files\Elk\elasticsearch-5.1.2\bin;C:\Ruby200-x64\bin;E:\Ruby200-x64\bin;C:\Users\78794\AppData\Local\Microsoft\WindowsApps;;.]
[2018-08-09 15:47:32] INFO  org.apache.juli.logging.DirectJDKLog 180 log - Initializing Spring embedded WebApplicationContext
[2018-08-09 15:47:32] INFO  org.springframework.boot.web.servlet.context.ServletWebServerApplicationContext 285 prepareWebApplicationContext - Root WebApplicationContext: initialization completed in 1994 ms
[2018-08-09 15:47:33] INFO  org.springframework.boot.web.servlet.ServletRegistrationBean 186 addRegistration - Servlet dispatcherServlet mapped to [/]
[2018-08-09 15:47:33] INFO  org.springframework.boot.web.servlet.ServletRegistrationBean 186 addRegistration - Servlet statViewServlet mapped to [/druid/*]
[2018-08-09 15:47:33] INFO  org.springframework.boot.web.servlet.AbstractFilterRegistrationBean 245 configure - Mapping filter: 'characterEncodingFilter' to: [/*]
[2018-08-09 15:47:33] INFO  org.springframework.boot.web.servlet.AbstractFilterRegistrationBean 245 configure - Mapping filter: 'hiddenHttpMethodFilter' to: [/*]
[2018-08-09 15:47:33] INFO  org.springframework.boot.web.servlet.AbstractFilterRegistrationBean 245 configure - Mapping filter: 'httpPutFormContentFilter' to: [/*]
[2018-08-09 15:47:33] INFO  org.springframework.boot.web.servlet.AbstractFilterRegistrationBean 245 configure - Mapping filter: 'requestContextFilter' to: [/*]
[2018-08-09 15:47:33] INFO  org.springframework.boot.web.servlet.AbstractFilterRegistrationBean 258 configure - Mapping filter: 'webStatFilter' to urls: [/*]
[2018-08-09 15:47:33] INFO  org.springframework.web.servlet.handler.AbstractUrlHandlerMapping 373 registerHandler - Mapped URL path [/**/favicon.ico] onto handler of type [class org.springframework.web.servlet.resource.ResourceHttpRequestHandler]
[2018-08-09 15:47:33] INFO  org.springframework.web.servlet.mvc.method.annotation.RequestMappingHandlerAdapter 574 initControllerAdviceCache - Looking for @ControllerAdvice: org.springframework.boot.web.servlet.context.AnnotationConfigServletWebServerApplicationContext@51aa396f: startup date [Thu Aug 09 15:47:30 CST 2018]; root of context hierarchy
[2018-08-09 15:47:33] INFO  org.springframework.web.servlet.handler.AbstractHandlerMethodMapping$MappingRegistry 547 register - Mapped "{[/admin],methods=[GET]}" onto public java.lang.String com.qimiaochong.contorller.admin.AdminController.index()
[2018-08-09 15:47:33] INFO  org.springframework.web.servlet.handler.AbstractHandlerMethodMapping$MappingRegistry 547 register - Mapped "{[/],methods=[GET]}" onto public java.lang.String com.qimiaochong.contorller.MainController.index()
[2018-08-09 15:47:33] INFO  org.springframework.web.servlet.handler.AbstractHandlerMethodMapping$MappingRegistry 547 register - Mapped "{[/sign_in],methods=[GET]}" onto public java.lang.String com.qimiaochong.contorller.MainController.signIn()
[2018-08-09 15:47:33] INFO  org.springframework.web.servlet.handler.AbstractHandlerMethodMapping$MappingRegistry 547 register - Mapped "{[/login],methods=[GET]}" onto public java.lang.String com.qimiaochong.contorller.MainController.login()
[2018-08-09 15:47:33] INFO  org.springframework.web.servlet.handler.AbstractHandlerMethodMapping$MappingRegistry 547 register - Mapped "{[/error]}" onto public org.springframework.http.ResponseEntity<java.util.Map<java.lang.String, java.lang.Object>> org.springframework.boot.autoconfigure.web.servlet.error.BasicErrorController.error(javax.servlet.http.HttpServletRequest)
[2018-08-09 15:47:33] INFO  org.springframework.web.servlet.handler.AbstractHandlerMethodMapping$MappingRegistry 547 register - Mapped "{[/error],produces=[text/html]}" onto public org.springframework.web.servlet.ModelAndView org.springframework.boot.autoconfigure.web.servlet.error.BasicErrorController.errorHtml(javax.servlet.http.HttpServletRequest,javax.servlet.http.HttpServletResponse)
[2018-08-09 15:47:33] INFO  org.springframework.web.servlet.handler.AbstractUrlHandlerMapping 373 registerHandler - Mapped URL path [/webjars/**] onto handler of type [class org.springframework.web.servlet.resource.ResourceHttpRequestHandler]
[2018-08-09 15:47:33] INFO  org.springframework.web.servlet.handler.AbstractUrlHandlerMapping 373 registerHandler - Mapped URL path [/**] onto handler of type [class org.springframework.web.servlet.resource.ResourceHttpRequestHandler]
[2018-08-09 15:47:33] INFO  com.alibaba.druid.spring.boot.autoconfigure.DruidDataSourceAutoConfigure 56 dataSource - Init DruidDataSource
[2018-08-09 15:47:36] INFO  com.alibaba.druid.pool.DruidDataSource 930 init - {dataSource-1} inited
[2018-08-09 15:47:36] INFO  org.springframework.boot.devtools.autoconfigure.OptionalLiveReloadServer 57 startServer - LiveReload server is running on port 35729
[2018-08-09 15:47:36] INFO  org.springframework.jmx.export.MBeanExporter 433 afterSingletonsInstantiated - Registering beans for JMX exposure on startup
[2018-08-09 15:47:36] INFO  org.springframework.jmx.export.MBeanExporter 895 autodetect - Bean with name 'statFilter' has been autodetected for JMX exposure
[2018-08-09 15:47:36] INFO  org.springframework.jmx.export.MBeanExporter 895 autodetect - Bean with name 'slf4jLogFilter' has been autodetected for JMX exposure
[2018-08-09 15:47:36] INFO  org.springframework.jmx.export.MBeanExporter 895 autodetect - Bean with name 'dataSource' has been autodetected for JMX exposure
[2018-08-09 15:47:36] INFO  org.springframework.jmx.export.MBeanExporter 668 registerBeanInstance - Located MBean 'slf4jLogFilter': registering with JMX server as MBean [com.alibaba.druid.filter.logging:name=slf4jLogFilter,type=Slf4jLogFilter]
[2018-08-09 15:47:36] INFO  org.springframework.jmx.export.MBeanExporter 668 registerBeanInstance - Located MBean 'dataSource': registering with JMX server as MBean [com.alibaba.druid.spring.boot.autoconfigure:name=dataSource,type=DruidDataSourceWrapper]
[2018-08-09 15:47:36] INFO  org.springframework.jmx.export.MBeanExporter 668 registerBeanInstance - Located MBean 'statFilter': registering with JMX server as MBean [com.alibaba.druid.filter.stat:name=statFilter,type=StatFilter]
[2018-08-09 15:47:36] INFO  org.springframework.boot.web.embedded.tomcat.TomcatWebServer 206 start - Tomcat started on port(s): 8080 (http) with context path ''
[2018-08-09 15:47:36] INFO  org.springframework.boot.StartupInfoLogger 59 logStarted - Started QimiaochongApplication in 6.532 seconds (JVM running for 8.694)
